Using pre-set license
Built from '2020.3/release' branch; Version is '2020.3.2f1 (8fd9074bf66c) revision 9427207'; Using compiler version '192528614'; Build Type 'Release'
OS: 'Windows 10 Home; OS build 19042.1083; Version 2009; 64bit' Language: 'en' Physical Memory: 16295 MB
BatchMode: 1, IsHumanControllingUs: 0, StartBugReporterOnCrash: 0, Is64bit: 1, IsPro: 0

 COMMAND LINE ARGUMENTS:
D:\Program Files (x86)\Unity\2020.3.2f1\Editor\Unity.exe
-adb2
-batchMode
-noUpm
-name
AssetImportWorker0
-projectPath
D:/Reatured/0.2 Unity/A_GameProject/Week 12 - Maze
-logFile
Logs/AssetImportWorker0.log
-srvPort
53614
Successfully changed project path to: D:/Reatured/0.2 Unity/A_GameProject/Week 12 - Maze
D:/Reatured/0.2 Unity/A_GameProject/Week 12 - Maze
Using Asset Import Pipeline V2.
Refreshing native plugins compatible for Editor in 35.11 ms, found 3 plugins.
Preloading 1 native plugins for Editor in 0.62 ms.
Initialize engine version: 2020.3.2f1 (8fd9074bf66c)
[Subsystems] Discovering subsystems at path D:/Program Files (x86)/Unity/2020.3.2f1/Editor/Data/Resources/UnitySubsystems
[Subsystems] Discovering subsystems at path D:/Reatured/0.2 Unity/A_GameProject/Week 12 - Maze/Assets
GfxDevice: creating device client; threaded=0
Direct3D:
    Version:  Direct3D 11.0 [level 11.1]
    Renderer: NVIDIA GeForce RTX 2070 (ID=0x1f02)
    Vendor:   
    VRAM:     8031 MB
    Driver:   27.21.14.5751
Initialize mono
Mono path[0] = 'D:/Program Files (x86)/Unity/2020.3.2f1/Editor/Data/Managed'
Mono path[1] = 'D:/Program Files (x86)/Unity/2020.3.2f1/Editor/Data/MonoBleedingEdge/lib/mono/unityjit'
Mono config path = 'D:/Program Files (x86)/Unity/2020.3.2f1/Editor/Data/MonoBleedingEdge/etc'
Using monoOptions --debugger-agent=transport=dt_socket,embedding=1,server=y,suspend=n,address=127.0.0.1:56476
Begin MonoManager ReloadAssembly
Registering precompiled unity dll's ...
Register platform support module: D:/Program Files (x86)/Unity/2020.3.2f1/Editor/Data/PlaybackEngines/WebGLSupport/UnityEditor.WebGL.Extensions.dll
Register platform support module: D:/Program Files (x86)/Unity/2020.3.2f1/Editor/Data/PlaybackEngines/MacStandaloneSupport/UnityEditor.OSXStandalone.Extensions.dll
Register platform support module: D:/Program Files (x86)/Unity/2020.3.2f1/Editor/Data/PlaybackEngines/WindowsStandaloneSupport/UnityEditor.WindowsStandalone.Extensions.dll
Registered in 0.001136 seconds.
Native extension for WindowsStandalone target not found
Native extension for OSXStandalone target not found
Native extension for WebGL target not found
Refreshing native plugins compatible for Editor in 58.88 ms, found 3 plugins.
Preloading 1 native plugins for Editor in 0.06 ms.
Invoked RoslynAnalysisRunner static constructor.
RoslynAnalysisRunner will not be running.
RoslynAnalysisRunner has terminated.
Mono: successfully reloaded assembly
- Completed reload, in  1.173 seconds
Platform modules already initialized, skipping
Registering precompiled user dll's ...
Registered in 0.001047 seconds.
Begin MonoManager ReloadAssembly
Native extension for WindowsStandalone target not found
Native extension for OSXStandalone target not found
Native extension for WebGL target not found
Refreshing native plugins compatible for Editor in 34.21 ms, found 3 plugins.
Preloading 1 native plugins for Editor in 0.05 ms.
Invoked RoslynAnalysisRunner static constructor.
RoslynAnalysisRunner will not be running.
RoslynAnalysisRunner has terminated.
[XR] OculusXRPlugin: registering subsystems
[XR] Unable to register display lifecyle provider: [1]
[XR] Oculus Input lifecycle provider registered.
[XR] Unable to register input lifecyle provider: [1]
NullReferenceException: Object reference not set to an instance of an object
  at Unity.XR.Oculus.OculusLoader.AssetPathToAbsolutePath (System.String assetPath) [0x00048] in D:\Reatured\0.2 Unity\A_GameProject\Week 12 - Maze\Library\PackageCache\com.unity.xr.oculus@1.8.1\Runtime\OculusLoader.cs:243 
  at Unity.XR.Oculus.OculusLoader.EditorLoadOVRPlugin () [0x0007b] in D:\Reatured\0.2 Unity\A_GameProject\Week 12 - Maze\Library\PackageCache\com.unity.xr.oculus@1.8.1\Runtime\OculusLoader.cs:228 

(Filename: Library/PackageCache/com.unity.xr.oculus@1.8.1/Runtime/OculusLoader.cs Line: 243)

Mono: successfully reloaded assembly
- Completed reload, in  0.957 seconds
Platform modules already initialized, skipping
========================================================================
Worker process is ready to serve import requests
Launched and connected shader compiler UnityShaderCompiler.exe after 0.03 seconds
Refreshing native plugins compatible for Editor in 0.66 ms, found 3 plugins.
Preloading 1 native plugins for Editor in 0.05 ms.
Unloading 2055 Unused Serialized files (Serialized files now loaded: 0)
System memory in use before: 94.2 MB.
System memory in use after: 94.2 MB.

Unloading 106 unused Assets to reduce memory usage. Loaded Objects now: 2496.
Total: 2.566200 ms (FindLiveObjects: 0.198400 ms CreateObjectMapping: 0.084100 ms MarkObjects: 2.115500 ms  DeleteObjects: 0.167400 ms)

========================================================================
Received Import Request.
  path: Assets/XR/XRGeneralSettings.asset
  artifactKey: Guid(63326dcf82ee5884abc43b673e74c9ba) Importer(815301076,1909f56bfc062723c751e8b465ee728b)
Start importing Assets/XR/XRGeneralSettings.asset using Guid(63326dcf82ee5884abc43b673e74c9ba) Importer(815301076,1909f56bfc062723c751e8b465ee728b)  -> (artifact id: 'bcfb50ab21c643d963730e86459288ce') in 0.055681 seconds
  Import took 0.097819 seconds .

========================================================================
Received Import Request.
  Time since last request: 11.093456 seconds.
  path: Packages/com.unity.xr.legacyinputhelpers/package.json
  artifactKey: Guid(d16ab7e2b2998ad4c9729d86bb9aa666) Importer(815301076,1909f56bfc062723c751e8b465ee728b)
Start importing Packages/com.unity.xr.legacyinputhelpers/package.json using Guid(d16ab7e2b2998ad4c9729d86bb9aa666) Importer(815301076,1909f56bfc062723c751e8b465ee728b)  -> (artifact id: '27fd5b1bce189ccc434708e670e0c644') in 0.087505 seconds
  Import took 0.112334 seconds .

========================================================================
Received Import Request.
  Time since last request: 1.020865 seconds.
  path: Packages/com.unity.xr.interaction.toolkit/package.json
  artifactKey: Guid(fac9fb4ad804244e0911f21e340a3d5b) Importer(815301076,1909f56bfc062723c751e8b465ee728b)
Start importing Packages/com.unity.xr.interaction.toolkit/package.json using Guid(fac9fb4ad804244e0911f21e340a3d5b) Importer(815301076,1909f56bfc062723c751e8b465ee728b)  -> (artifact id: '904d175d6d1e5e5c43eb4532478859d5') in 0.049198 seconds
  Import took 0.052326 seconds .

========================================================================
Received Import Request.
  Time since last request: 0.628366 seconds.
  path: Packages/com.unity.xr.management/package.json
  artifactKey: Guid(a8437ae6df3ab4de78c661f8e1148bbb) Importer(815301076,1909f56bfc062723c751e8b465ee728b)
Start importing Packages/com.unity.xr.management/package.json using Guid(a8437ae6df3ab4de78c661f8e1148bbb) Importer(815301076,1909f56bfc062723c751e8b465ee728b)  -> (artifact id: '7586b482017914c24a09aa93a32e094f') in 0.006597 seconds
  Import took 0.032931 seconds .

========================================================================
Received Import Request.
  Time since last request: 12.299665 seconds.
  path: Assets/AssetStoreOriginals/_SNAPS_PrototypingAssets/ModernOffice_Interior/Prefabs/Structure/Floors_Ceilings/Meshes/Classic_Floor_01_snaps001.asset
  artifactKey: Guid(c60ba8914bde25d4797aa8e6f2f9a0ab) Importer(815301076,1909f56bfc062723c751e8b465ee728b)
Start importing Assets/AssetStoreOriginals/_SNAPS_PrototypingAssets/ModernOffice_Interior/Prefabs/Structure/Floors_Ceilings/Meshes/Classic_Floor_01_snaps001.asset using Guid(c60ba8914bde25d4797aa8e6f2f9a0ab) Importer(815301076,1909f56bfc062723c751e8b465ee728b)  -> (artifact id: 'df7395da1bc952aa6157324902b1781c') in 0.220550 seconds
  Import took 0.312872 seconds .

========================================================================
Received Import Request.
  Time since last request: 0.000211 seconds.
  path: Assets/AssetStoreOriginals/_SNAPS_PrototypingAssets/ModernOffice_Interior/Prefabs/SNAPS_NoHD/Meshes/Classic_Floor_02_snaps001.asset
  artifactKey: Guid(75fa34dc8fe758440bbbb8a07048fff7) Importer(815301076,1909f56bfc062723c751e8b465ee728b)
Start importing Assets/AssetStoreOriginals/_SNAPS_PrototypingAssets/ModernOffice_Interior/Prefabs/SNAPS_NoHD/Meshes/Classic_Floor_02_snaps001.asset using Guid(75fa34dc8fe758440bbbb8a07048fff7) Importer(815301076,1909f56bfc062723c751e8b465ee728b)  -> (artifact id: '323c2686cd5f84210b6609d753542a8b') in 0.042412 seconds
  Import took 0.067383 seconds .

========================================================================
Received Import Request.
  Time since last request: 0.000167 seconds.
  path: Assets/XR/Loaders/Oculus Loader.asset
  artifactKey: Guid(7eae030a72547bc43b72cb5bc0e7f80a) Importer(815301076,1909f56bfc062723c751e8b465ee728b)
Start importing Assets/XR/Loaders/Oculus Loader.asset using Guid(7eae030a72547bc43b72cb5bc0e7f80a) Importer(815301076,1909f56bfc062723c751e8b465ee728b)  -> (artifact id: '7174e4761c16ad80c1e305c5a4c11bff') in 0.005397 seconds
  Import took 0.031854 seconds .

========================================================================
Received Import Request.
  Time since last request: 0.000222 seconds.
  path: Assets/AssetStoreOriginals/_SNAPS_PrototypingAssets/ModernOffice_Interior/Prefabs/SNAPS_NoHD/Meshes/Neo_Floor_Ceiling_03_snaps001.asset
  artifactKey: Guid(3fdb44c7beef16b4eace784281a6491c) Importer(815301076,1909f56bfc062723c751e8b465ee728b)
Start importing Assets/AssetStoreOriginals/_SNAPS_PrototypingAssets/ModernOffice_Interior/Prefabs/SNAPS_NoHD/Meshes/Neo_Floor_Ceiling_03_snaps001.asset using Guid(3fdb44c7beef16b4eace784281a6491c) Importer(815301076,1909f56bfc062723c751e8b465ee728b)  -> (artifact id: '94024400f9249304c376476bdebb13b6') in 0.043444 seconds
  Import took 0.046028 seconds .

========================================================================
Received Import Request.
  Time since last request: 0.000169 seconds.
  path: Assets/AssetStoreOriginals/_SNAPS_PrototypingAssets/ModernOffice_Interior/Prefabs/Structure/Floors_Ceilings/Meshes/Neo_Floor_02_snaps001.asset
  artifactKey: Guid(4b1ee4ab1076b1a47a3bcc29b5eab7ee) Importer(815301076,1909f56bfc062723c751e8b465ee728b)
Start importing Assets/AssetStoreOriginals/_SNAPS_PrototypingAssets/ModernOffice_Interior/Prefabs/Structure/Floors_Ceilings/Meshes/Neo_Floor_02_snaps001.asset using Guid(4b1ee4ab1076b1a47a3bcc29b5eab7ee) Importer(815301076,1909f56bfc062723c751e8b465ee728b)  -> (artifact id: '421c68bc7f8d2d5997cceb133af32e7a') in 0.036626 seconds
  Import took 0.049508 seconds .

========================================================================
Received Import Request.
  Time since last request: 0.000176 seconds.
  path: Assets/AssetStoreOriginals/_SNAPS_PrototypingAssets/ModernOffice_Interior/Prefabs/SNAPS_NoHD/Meshes/Neo_Floor_03_snaps001.asset
  artifactKey: Guid(5b22cf9f4207ebe4386c7f35eda7793d) Importer(815301076,1909f56bfc062723c751e8b465ee728b)
Start importing Assets/AssetStoreOriginals/_SNAPS_PrototypingAssets/ModernOffice_Interior/Prefabs/SNAPS_NoHD/Meshes/Neo_Floor_03_snaps001.asset using Guid(5b22cf9f4207ebe4386c7f35eda7793d) Importer(815301076,1909f56bfc062723c751e8b465ee728b)  -> (artifact id: '926760916063afc7780e945304188166') in 0.014556 seconds
  Import took 0.042954 seconds .

========================================================================
Received Import Request.
  Time since last request: 0.000195 seconds.
  path: Assets/AssetStoreOriginals/_SNAPS_PrototypingAssets/ModernOffice_Interior/Prefabs/Structure/Floors_Ceilings/Meshes/Neo_Floor_01_snaps001.asset
  artifactKey: Guid(567033b81f83ccc44962dd545a72c833) Importer(815301076,1909f56bfc062723c751e8b465ee728b)
Start importing Assets/AssetStoreOriginals/_SNAPS_PrototypingAssets/ModernOffice_Interior/Prefabs/Structure/Floors_Ceilings/Meshes/Neo_Floor_01_snaps001.asset using Guid(567033b81f83ccc44962dd545a72c833) Importer(815301076,1909f56bfc062723c751e8b465ee728b)  -> (artifact id: 'ee115c75dc82c9d20d97c56f716a8f56') in 0.026152 seconds
  Import took 0.055710 seconds .

========================================================================
Received Import Request.
  Time since last request: 0.000238 seconds.
  path: Assets/AssetStoreOriginals/_SNAPS_PrototypingAssets/ModernOffice_Interior/Prefabs/Structure/Floors_Ceilings/Meshes/Neo_Floor_Ceiling_02_snaps001.asset
  artifactKey: Guid(cd53d4e1b2d83b6488c75fe59721bfac) Importer(815301076,1909f56bfc062723c751e8b465ee728b)
Start importing Assets/AssetStoreOriginals/_SNAPS_PrototypingAssets/ModernOffice_Interior/Prefabs/Structure/Floors_Ceilings/Meshes/Neo_Floor_Ceiling_02_snaps001.asset using Guid(cd53d4e1b2d83b6488c75fe59721bfac) Importer(815301076,1909f56bfc062723c751e8b465ee728b)  -> (artifact id: 'e4d9b3f22fd630b725157191021008af') in 0.030931 seconds
  Import took 0.044821 seconds .

========================================================================
Received Prepare
Refreshing native plugins compatible for Editor in 0.74 ms, found 3 plugins.
Preloading 1 native plugins for Editor in 0.05 ms.
Unloading 5 Unused Serialized files (Serialized files now loaded: 0)
System memory in use before: 54.4 MB.
System memory in use after: 54.5 MB.

Unloading 4 unused Assets to reduce memory usage. Loaded Objects now: 2507.
Total: 2.604200 ms (FindLiveObjects: 0.202800 ms CreateObjectMapping: 0.080000 ms MarkObjects: 2.254400 ms  DeleteObjects: 0.066200 ms)

========================================================================
Received Import Request.
  Time since last request: 100.512314 seconds.
  path: Assets/LogInteraction.cs
  artifactKey: Guid(cea1d1412a4d13b4eaff3a6f14dcd193) Importer(815301076,1909f56bfc062723c751e8b465ee728b)
Start importing Assets/LogInteraction.cs using Guid(cea1d1412a4d13b4eaff3a6f14dcd193) Importer(815301076,1909f56bfc062723c751e8b465ee728b)  -> (artifact id: 'a3a8dcff5988fda625810700f4f27b49') in 0.008044 seconds
  Import took 0.010888 seconds .

========================================================================
Received Import Request.
  Time since last request: 5.571318 seconds.
  path: Assets/Scripts
  artifactKey: Guid(f0be11c66a3bfdc45bc81672341d623d) Importer(815301076,1909f56bfc062723c751e8b465ee728b)
Start importing Assets/Scripts using Guid(f0be11c66a3bfdc45bc81672341d623d) Importer(815301076,1909f56bfc062723c751e8b465ee728b)  -> (artifact id: 'ec5d215ffc60b34bc3830671650ef2a3') in 0.004759 seconds
  Import took 0.069442 seconds .

========================================================================
Received Import Request.
  Time since last request: 122.155314 seconds.
  path: Assets/Scripts/LogInteraction.cs
  artifactKey: Guid(cea1d1412a4d13b4eaff3a6f14dcd193) Importer(815301076,1909f56bfc062723c751e8b465ee728b)
Start importing Assets/Scripts/LogInteraction.cs using Guid(cea1d1412a4d13b4eaff3a6f14dcd193) Importer(815301076,1909f56bfc062723c751e8b465ee728b)  -> (artifact id: '2e5b777e8484092c72be9353f4f6f127') in 0.001411 seconds
  Import took 0.018742 seconds .

========================================================================
Received Prepare
Registering precompiled user dll's ...
Registered in 0.001038 seconds.
Begin MonoManager ReloadAssembly
Native extension for WindowsStandalone target not found
Native extension for OSXStandalone target not found
Native extension for WebGL target not found
Refreshing native plugins compatible for Editor in 0.44 ms, found 3 plugins.
Preloading 1 native plugins for Editor in 0.05 ms.
Warning: Annotation not found!
UnityEngine.StackTraceUtility:ExtractStackTrace ()
UnityEditor.ProBuilder.EditorUtility:SetGizmoIconEnabled (System.Type,bool) (at Library/PackageCache/com.unity.probuilder@4.5.0/Editor/EditorCore/EditorUtility.cs:593)
UnityEditor.ProBuilder.HierarchyListener:.cctor () (at Library/PackageCache/com.unity.probuilder@4.5.0/Editor/EditorCore/HierarchyListener.cs:21)
System.Runtime.CompilerServices.RuntimeHelpers:RunClassConstructor (System.RuntimeTypeHandle)
UnityEditor.EditorAssemblies:ProcessInitializeOnLoadAttributes (System.Type[])

[Library/PackageCache/com.unity.probuilder@4.5.0/Editor/EditorCore/EditorUtility.cs line 593]

Invoked RoslynAnalysisRunner static constructor.
RoslynAnalysisRunner will not be running.
RoslynAnalysisRunner has terminated.
NullReferenceException: Object reference not set to an instance of an object
  at Unity.XR.Oculus.OculusLoader.AssetPathToAbsolutePath (System.String assetPath) [0x00048] in D:\Reatured\0.2 Unity\A_GameProject\Week 12 - Maze\Library\PackageCache\com.unity.xr.oculus@1.8.1\Runtime\OculusLoader.cs:243 
  at Unity.XR.Oculus.OculusLoader.EditorLoadOVRPlugin () [0x0007b] in D:\Reatured\0.2 Unity\A_GameProject\Week 12 - Maze\Library\PackageCache\com.unity.xr.oculus@1.8.1\Runtime\OculusLoader.cs:228 

(Filename: Library/PackageCache/com.unity.xr.oculus@1.8.1/Runtime/OculusLoader.cs Line: 243)

Mono: successfully reloaded assembly
- Completed reload, in  0.778 seconds
Platform modules already initialized, skipping
Refreshing native plugins compatible for Editor in 0.43 ms, found 3 plugins.
Preloading 1 native plugins for Editor in 0.05 ms.
Unloading 2007 Unused Serialized files (Serialized files now loaded: 0)
System memory in use before: 94.0 MB.
System memory in use after: 94.0 MB.

Unloading 7 unused Assets to reduce memory usage. Loaded Objects now: 2511.
Total: 2.291300 ms (FindLiveObjects: 0.206600 ms CreateObjectMapping: 0.063300 ms MarkObjects: 1.950600 ms  DeleteObjects: 0.070100 ms)

========================================================================
Received Prepare
Registering precompiled user dll's ...
Registered in 0.001068 seconds.
Begin MonoManager ReloadAssembly
Native extension for WindowsStandalone target not found
Native extension for OSXStandalone target not found
Native extension for WebGL target not found
Refreshing native plugins compatible for Editor in 0.44 ms, found 3 plugins.
Preloading 1 native plugins for Editor in 0.06 ms.
Warning: Annotation not found!
UnityEngine.StackTraceUtility:ExtractStackTrace ()
UnityEditor.ProBuilder.EditorUtility:SetGizmoIconEnabled (System.Type,bool) (at Library/PackageCache/com.unity.probuilder@4.5.0/Editor/EditorCore/EditorUtility.cs:593)
UnityEditor.ProBuilder.HierarchyListener:.cctor () (at Library/PackageCache/com.unity.probuilder@4.5.0/Editor/EditorCore/HierarchyListener.cs:21)
System.Runtime.CompilerServices.RuntimeHelpers:RunClassConstructor (System.RuntimeTypeHandle)
UnityEditor.EditorAssemblies:ProcessInitializeOnLoadAttributes (System.Type[])

[Library/PackageCache/com.unity.probuilder@4.5.0/Editor/EditorCore/EditorUtility.cs line 593]

Invoked RoslynAnalysisRunner static constructor.
RoslynAnalysisRunner will not be running.
RoslynAnalysisRunner has terminated.
NullReferenceException: Object reference not set to an instance of an object
  at Unity.XR.Oculus.OculusLoader.AssetPathToAbsolutePath (System.String assetPath) [0x00048] in D:\Reatured\0.2 Unity\A_GameProject\Week 12 - Maze\Library\PackageCache\com.unity.xr.oculus@1.8.1\Runtime\OculusLoader.cs:243 
  at Unity.XR.Oculus.OculusLoader.EditorLoadOVRPlugin () [0x0007b] in D:\Reatured\0.2 Unity\A_GameProject\Week 12 - Maze\Library\PackageCache\com.unity.xr.oculus@1.8.1\Runtime\OculusLoader.cs:228 

(Filename: Library/PackageCache/com.unity.xr.oculus@1.8.1/Runtime/OculusLoader.cs Line: 243)

Mono: successfully reloaded assembly
- Completed reload, in  0.830 seconds
Platform modules already initialized, skipping
Refreshing native plugins compatible for Editor in 0.67 ms, found 3 plugins.
Preloading 1 native plugins for Editor in 0.06 ms.
Unloading 2007 Unused Serialized files (Serialized files now loaded: 0)
System memory in use before: 94.0 MB.
System memory in use after: 94.0 MB.

Unloading 7 unused Assets to reduce memory usage. Loaded Objects now: 2515.
Total: 2.517800 ms (FindLiveObjects: 0.226000 ms CreateObjectMapping: 0.087700 ms MarkObjects: 2.120000 ms  DeleteObjects: 0.083100 ms)

========================================================================
Received Prepare
Registering precompiled user dll's ...
Registered in 0.001130 seconds.
Begin MonoManager ReloadAssembly
Native extension for WindowsStandalone target not found
Native extension for OSXStandalone target not found
Native extension for WebGL target not found
Refreshing native plugins compatible for Editor in 0.43 ms, found 3 plugins.
Preloading 1 native plugins for Editor in 0.05 ms.
Warning: Annotation not found!
UnityEngine.StackTraceUtility:ExtractStackTrace ()
UnityEditor.ProBuilder.EditorUtility:SetGizmoIconEnabled (System.Type,bool) (at Library/PackageCache/com.unity.probuilder@4.5.0/Editor/EditorCore/EditorUtility.cs:593)
UnityEditor.ProBuilder.HierarchyListener:.cctor () (at Library/PackageCache/com.unity.probuilder@4.5.0/Editor/EditorCore/HierarchyListener.cs:21)
System.Runtime.CompilerServices.RuntimeHelpers:RunClassConstructor (System.RuntimeTypeHandle)
UnityEditor.EditorAssemblies:ProcessInitializeOnLoadAttributes (System.Type[])

[Library/PackageCache/com.unity.probuilder@4.5.0/Editor/EditorCore/EditorUtility.cs line 593]

Invoked RoslynAnalysisRunner static constructor.
RoslynAnalysisRunner will not be running.
RoslynAnalysisRunner has terminated.
NullReferenceException: Object reference not set to an instance of an object
  at Unity.XR.Oculus.OculusLoader.AssetPathToAbsolutePath (System.String assetPath) [0x00048] in D:\Reatured\0.2 Unity\A_GameProject\Week 12 - Maze\Library\PackageCache\com.unity.xr.oculus@1.8.1\Runtime\OculusLoader.cs:243 
  at Unity.XR.Oculus.OculusLoader.EditorLoadOVRPlugin () [0x0007b] in D:\Reatured\0.2 Unity\A_GameProject\Week 12 - Maze\Library\PackageCache\com.unity.xr.oculus@1.8.1\Runtime\OculusLoader.cs:228 

(Filename: Library/PackageCache/com.unity.xr.oculus@1.8.1/Runtime/OculusLoader.cs Line: 243)

Mono: successfully reloaded assembly
- Completed reload, in  0.817 seconds
Platform modules already initialized, skipping
Refreshing native plugins compatible for Editor in 0.45 ms, found 3 plugins.
Preloading 1 native plugins for Editor in 0.05 ms.
Unloading 2007 Unused Serialized files (Serialized files now loaded: 0)
System memory in use before: 94.0 MB.
System memory in use after: 94.1 MB.

Unloading 7 unused Assets to reduce memory usage. Loaded Objects now: 2519.
Total: 2.158100 ms (FindLiveObjects: 0.183700 ms CreateObjectMapping: 0.066200 ms MarkObjects: 1.835100 ms  DeleteObjects: 0.072200 ms)

========================================================================
Received Import Request.
  Time since last request: 406.430746 seconds.
  path: Assets/Scripts/LogInteraction.cs
  artifactKey: Guid(cea1d1412a4d13b4eaff3a6f14dcd193) Importer(815301076,1909f56bfc062723c751e8b465ee728b)
Start importing Assets/Scripts/LogInteraction.cs using Guid(cea1d1412a4d13b4eaff3a6f14dcd193) Importer(815301076,1909f56bfc062723c751e8b465ee728b)  -> (artifact id: '17083c75971b30e26eb929deb255ff39') in 0.006854 seconds
  Import took 0.036329 seconds .

========================================================================
Received Prepare
Registering precompiled user dll's ...
Registered in 0.140507 seconds.
Begin MonoManager ReloadAssembly
Native extension for WindowsStandalone target not found
Native extension for OSXStandalone target not found
Native extension for WebGL target not found
Refreshing native plugins compatible for Editor in 0.50 ms, found 3 plugins.
Preloading 1 native plugins for Editor in 0.06 ms.
Warning: Annotation not found!
UnityEngine.StackTraceUtility:ExtractStackTrace ()
UnityEditor.ProBuilder.EditorUtility:SetGizmoIconEnabled (System.Type,bool) (at Library/PackageCache/com.unity.probuilder@4.5.0/Editor/EditorCore/EditorUtility.cs:593)
UnityEditor.ProBuilder.HierarchyListener:.cctor () (at Library/PackageCache/com.unity.probuilder@4.5.0/Editor/EditorCore/HierarchyListener.cs:21)
System.Runtime.CompilerServices.RuntimeHelpers:RunClassConstructor (System.RuntimeTypeHandle)
UnityEditor.EditorAssemblies:ProcessInitializeOnLoadAttributes (System.Type[])

[Library/PackageCache/com.unity.probuilder@4.5.0/Editor/EditorCore/EditorUtility.cs line 593]

Invoked RoslynAnalysisRunner static constructor.
RoslynAnalysisRunner will not be running.
RoslynAnalysisRunner has terminated.
NullReferenceException: Object reference not set to an instance of an object
  at Unity.XR.Oculus.OculusLoader.AssetPathToAbsolutePath (System.String assetPath) [0x00048] in D:\Reatured\0.2 Unity\A_GameProject\Week 12 - Maze\Library\PackageCache\com.unity.xr.oculus@1.8.1\Runtime\OculusLoader.cs:243 
  at Unity.XR.Oculus.OculusLoader.EditorLoadOVRPlugin () [0x0007b] in D:\Reatured\0.2 Unity\A_GameProject\Week 12 - Maze\Library\PackageCache\com.unity.xr.oculus@1.8.1\Runtime\OculusLoader.cs:228 

(Filename: Library/PackageCache/com.unity.xr.oculus@1.8.1/Runtime/OculusLoader.cs Line: 243)

Mono: successfully reloaded assembly
- Completed reload, in  0.859 seconds
Platform modules already initialized, skipping
Refreshing native plugins compatible for Editor in 0.68 ms, found 3 plugins.
Preloading 1 native plugins for Editor in 0.05 ms.
Unloading 2007 Unused Serialized files (Serialized files now loaded: 0)
System memory in use before: 94.0 MB.
System memory in use after: 94.1 MB.

Unloading 7 unused Assets to reduce memory usage. Loaded Objects now: 2523.
Total: 3.251700 ms (FindLiveObjects: 0.277700 ms CreateObjectMapping: 0.149900 ms MarkObjects: 2.703200 ms  DeleteObjects: 0.119500 ms)

AssetImportWorkerClient::OnTransportError - code=2 error=End of file
